c:\users\olesya\source\repos\catstory\catstory\catstory\debug\vc141.pdb
c:\users\olesya\source\repos\catstory\catstory\catstory\debug\vc141.idb
c:\users\olesya\source\repos\catstory\catstory\catstory\debug\selfbehaviour.obj
c:\users\olesya\source\repos\catstory\catstory\catstory\debug\othersbehaviour.obj
c:\users\olesya\source\repos\catstory\catstory\catstory\debug\look.obj
c:\users\olesya\source\repos\catstory\catstory\catstory\debug\cat.obj
c:\users\olesya\source\repos\catstory\catstory\catstory\debug\background.obj
c:\users\olesya\source\repos\catstory\catstory\catstory\debug\main.obj
c:\users\olesya\source\repos\catstory\catstory\catstory\debug\interface.obj
c:\users\olesya\source\repos\catstory\catstory\debug\catstory.exe
c:\users\olesya\source\repos\catstory\catstory\debug\catstory.ilk
c:\users\olesya\source\repos\catstory\catstory\debug\catstory.pdb
c:\users\olesya\source\repos\catstory\catstory\catstory\debug\interface.obj.enc
c:\users\olesya\source\repos\catstory\catstory\catstory\debug\selfbehaviour.obj.enc
c:\users\olesya\source\repos\catstory\catstory\catstory\debug\catstory.tlog\cl.command.1.tlog
c:\users\olesya\source\repos\catstory\catstory\catstory\debug\catstory.tlog\cl.read.1.tlog
c:\users\olesya\source\repos\catstory\catstory\catstory\debug\catstory.tlog\cl.write.1.tlog
c:\users\olesya\source\repos\catstory\catstory\catstory\debug\catstory.tlog\link.command.1.tlog
c:\users\olesya\source\repos\catstory\catstory\catstory\debug\catstory.tlog\link.read.1.tlog
c:\users\olesya\source\repos\catstory\catstory\catstory\debug\catstory.tlog\link.write.1.tlog
